0:0:0:0:0:0:0:1 - - [20/Dec/2019:16:49:47 +0900] "GET / HTTP/1.1" 404 306 "-" "Mozilla/5.0 (Macintosh; Intel Mac OS X 10_14_6) AppleWebKit/605.1.15 (KHTML, like Gecko) Version/12.1.2 Safari/605.1.15"
0:0:0:0:0:0:0:1 - - [20/Dec/2019:16:49:51 +0900] "GET /v2/api-docs HTTP/1.1" 200 170 "-" "Mozilla/5.0 (Macintosh; Intel Mac OS X 10_14_6) AppleWebKit/605.1.15 (KHTML, like Gecko) Version/12.1.2 Safari/605.1.15"
0:0:0:0:0:0:0:1 - - [20/Dec/2019:16:49:51 +0900] "GET /favicon.ico HTTP/1.1" 404 152 "http://localhost:8080/v2/api-docs" "Mozilla/5.0 (Macintosh; Intel Mac OS X 10_14_6) AppleWebKit/605.1.15 (KHTML, like Gecko) Version/12.1.2 Safari/605.1.15"
0:0:0:0:0:0:0:1 - - [20/Dec/2019:16:49:51 +0900] "GET /apple-touch-icon-precomposed.png HTTP/1.1" 404 167 "-" "Safari/14607.3.9 CFNetwork/978.0.7 Darwin/18.7.0 (x86_64)"
0:0:0:0:0:0:0:1 - - [20/Dec/2019:16:49:51 +0900] "GET /apple-touch-icon.png HTTP/1.1" 404 159 "-" "Safari/14607.3.9 CFNetwork/978.0.7 Darwin/18.7.0 (x86_64)"
0:0:0:0:0:0:0:1 - - [20/Dec/2019:16:50:00 +0900] "GET /v2/api-docs HTTP/1.1" 200 170 "-" "Mozilla/5.0 (Macintosh; Intel Mac OS X 10_14_6) AppleWebKit/605.1.15 (KHTML, like Gecko) Version/12.1.2 Safari/605.1.15"
0:0:0:0:0:0:0:1 - - [20/Dec/2019:16:50:07 +0900] "GET /v2/swagger.ui HTTP/1.1" 404 306 "-" "Mozilla/5.0 (Macintosh; Intel Mac OS X 10_14_6) AppleWebKit/605.1.15 (KHTML, like Gecko) Version/12.1.2 Safari/605.1.15"
0:0:0:0:0:0:0:1 - - [20/Dec/2019:16:50:07 +0900] "GET /favicon.ico HTTP/1.1" 404 151 "http://localhost:8080/v2/swagger.ui" "Mozilla/5.0 (Macintosh; Intel Mac OS X 10_14_6) AppleWebKit/605.1.15 (KHTML, like Gecko) Version/12.1.2 Safari/605.1.15"
0:0:0:0:0:0:0:1 - - [20/Dec/2019:16:50:14 +0900] "GET / HTTP/1.1" 404 306 "-" "Mozilla/5.0 (Macintosh; Intel Mac OS X 10_14_6) AppleWebKit/605.1.15 (KHTML, like Gecko) Version/12.1.2 Safari/605.1.15"
0:0:0:0:0:0:0:1 - - [20/Dec/2019:16:50:14 +0900] "GET /favicon.ico HTTP/1.1" 404 153 "http://localhost:8080/" "Mozilla/5.0 (Macintosh; Intel Mac OS X 10_14_6) AppleWebKit/605.1.15 (KHTML, like Gecko) Version/12.1.2 Safari/605.1.15"
0:0:0:0:0:0:0:1 - - [20/Dec/2019:16:50:15 +0900] "GET /v2/swagger.ui HTTP/1.1" 404 306 "-" "Mozilla/5.0 (Macintosh; Intel Mac OS X 10_14_6) AppleWebKit/605.1.15 (KHTML, like Gecko) Version/12.1.2 Safari/605.1.15"
0:0:0:0:0:0:0:1 - - [20/Dec/2019:16:50:18 +0900] "GET / HTTP/1.1" 404 306 "-" "Mozilla/5.0 (Macintosh; Intel Mac OS X 10_14_6) AppleWebKit/605.1.15 (KHTML, like Gecko) Version/12.1.2 Safari/605.1.15"
0:0:0:0:0:0:0:1 - - [20/Dec/2019:16:50:55 +0900] "GET /v2/swagger-ui.html HTTP/1.1" 404 306 "-" "Mozilla/5.0 (Macintosh; Intel Mac OS X 10_14_6) AppleWebKit/605.1.15 (KHTML, like Gecko) Version/12.1.2 Safari/605.1.15"
0:0:0:0:0:0:0:1 - - [20/Dec/2019:16:50:55 +0900] "GET /favicon.ico HTTP/1.1" 404 152 "http://localhost:8080/v2/swagger-ui.html" "Mozilla/5.0 (Macintosh; Intel Mac OS X 10_14_6) AppleWebKit/605.1.15 (KHTML, like Gecko) Version/12.1.2 Safari/605.1.15"
0:0:0:0:0:0:0:1 - - [20/Dec/2019:16:51:05 +0900] "GET /v2/api-docs/swagger-ui.html HTTP/1.1" 404 306 "-" "Mozilla/5.0 (Macintosh; Intel Mac OS X 10_14_6) AppleWebKit/605.1.15 (KHTML, like Gecko) Version/12.1.2 Safari/605.1.15"
0:0:0:0:0:0:0:1 - - [20/Dec/2019:16:51:05 +0900] "GET /favicon.ico HTTP/1.1" 404 152 "http://localhost:8080/v2/api-docs/swagger-ui.html" "Mozilla/5.0 (Macintosh; Intel Mac OS X 10_14_6) AppleWebKit/605.1.15 (KHTML, like Gecko) Version/12.1.2 Safari/605.1.15"
0:0:0:0:0:0:0:1 - - [20/Dec/2019:16:51:31 +0900] "GET /v1/swagger-ui.html HTTP/1.1" 404 306 "-" "Mozilla/5.0 (Macintosh; Intel Mac OS X 10_14_6) AppleWebKit/605.1.15 (KHTML, like Gecko) Version/12.1.2 Safari/605.1.15"
0:0:0:0:0:0:0:1 - - [20/Dec/2019:16:51:31 +0900] "GET /favicon.ico HTTP/1.1" 404 151 "http://localhost:8080/v1/swagger-ui.html" "Mozilla/5.0 (Macintosh; Intel Mac OS X 10_14_6) AppleWebKit/605.1.15 (KHTML, like Gecko) Version/12.1.2 Safari/605.1.15"
0:0:0:0:0:0:0:1 - - [20/Dec/2019:16:51:51 +0900] "GET /v1/swagger-ui.html HTTP/1.1" 404 306 "-" "Mozilla/5.0 (Macintosh; Intel Mac OS X 10_14_6) AppleWebKit/605.1.15 (KHTML, like Gecko) Version/12.1.2 Safari/605.1.15"
0:0:0:0:0:0:0:1 - - [20/Dec/2019:16:51:53 +0900] "GET /v1/approval-request HTTP/1.1" 404 306 "-" "Mozilla/5.0 (Macintosh; Intel Mac OS X 10_14_6) AppleWebKit/605.1.15 (KHTML, like Gecko) Version/12.1.2 Safari/605.1.15"
0:0:0:0:0:0:0:1 - - [20/Dec/2019:16:51:53 +0900] "GET /favicon.ico HTTP/1.1" 404 152 "http://localhost:8080/v1/approval-request" "Mozilla/5.0 (Macintosh; Intel Mac OS X 10_14_6) AppleWebKit/605.1.15 (KHTML, like Gecko) Version/12.1.2 Safari/605.1.15"
0:0:0:0:0:0:0:1 - - [20/Dec/2019:16:54:36 +0900] "GET /v1/approval-request HTTP/1.1" 404 306 "-" "Mozilla/5.0 (Macintosh; Intel Mac OS X 10_14_6) AppleWebKit/605.1.15 (KHTML, like Gecko) Version/12.1.2 Safari/605.1.15"
0:0:0:0:0:0:0:1 - - [20/Dec/2019:16:54:38 +0900] "GET / HTTP/1.1" 405 337 "-" "Mozilla/5.0 (Macintosh; Intel Mac OS X 10_14_6) AppleWebKit/605.1.15 (KHTML, like Gecko) Version/12.1.2 Safari/605.1.15"
0:0:0:0:0:0:0:1 - - [20/Dec/2019:16:54:38 +0900] "GET / HTTP/1.1" 405 337 "-" "Mozilla/5.0 (Macintosh; Intel Mac OS X 10_14_6) AppleWebKit/605.1.15 (KHTML, like Gecko) Version/12.1.2 Safari/605.1.15"
0:0:0:0:0:0:0:1 - - [20/Dec/2019:16:54:41 +0900] "GET / HTTP/1.1" 405 337 "-" "Mozilla/5.0 (Macintosh; Intel Mac OS X 10_14_6) AppleWebKit/605.1.15 (KHTML, like Gecko) Version/12.1.2 Safari/605.1.15"
0:0:0:0:0:0:0:1 - - [20/Dec/2019:16:54:51 +0900] "GET /swagger.ui HTTP/1.1" 404 306 "-" "Mozilla/5.0 (Macintosh; Intel Mac OS X 10_14_6) AppleWebKit/605.1.15 (KHTML, like Gecko) Version/12.1.2 Safari/605.1.15"
0:0:0:0:0:0:0:1 - - [20/Dec/2019:16:54:51 +0900] "GET /favicon.ico HTTP/1.1" 404 152 "http://localhost:8080/swagger.ui" "Mozilla/5.0 (Macintosh; Intel Mac OS X 10_14_6) AppleWebKit/605.1.15 (KHTML, like Gecko) Version/12.1.2 Safari/605.1.15"
0:0:0:0:0:0:0:1 - - [20/Dec/2019:16:55:25 +0900] "GET /swagger.ui HTTP/1.1" 404 306 "-" "Mozilla/5.0 (Macintosh; Intel Mac OS X 10_14_6) AppleWebKit/605.1.15 (KHTML, like Gecko) Version/12.1.2 Safari/605.1.15"
0:0:0:0:0:0:0:1 - - [20/Dec/2019:16:55:27 +0900] "GET / HTTP/1.1" 405 337 "-" "Mozilla/5.0 (Macintosh; Intel Mac OS X 10_14_6) AppleWebKit/605.1.15 (KHTML, like Gecko) Version/12.1.2 Safari/605.1.15"
0:0:0:0:0:0:0:1 - - [20/Dec/2019:16:55:37 +0900] "GET / HTTP/1.1" 405 337 "-" "Mozilla/5.0 (Macintosh; Intel Mac OS X 10_14_6) AppleWebKit/605.1.15 (KHTML, like Gecko) Version/12.1.2 Safari/605.1.15"
0:0:0:0:0:0:0:1 - - [20/Dec/2019:16:56:01 +0900] "GET / HTTP/1.1" 405 337 "-" "Mozilla/5.0 (Macintosh; Intel Mac OS X 10_14_6) AppleWebKit/605.1.15 (KHTML, like Gecko) Version/12.1.2 Safari/605.1.15"
0:0:0:0:0:0:0:1 - - [20/Dec/2019:16:56:05 +0900] "GET / HTTP/1.1" 405 337 "-" "Mozilla/5.0 (Macintosh; Intel Mac OS X 10_14_6) AppleWebKit/605.1.15 (KHTML, like Gecko) Version/12.1.2 Safari/605.1.15"
0:0:0:0:0:0:0:1 - - [20/Dec/2019:16:56:15 +0900] "GET /v1/swagger-ui.html HTTP/1.1" 404 306 "-" "Mozilla/5.0 (Macintosh; Intel Mac OS X 10_14_6) AppleWebKit/605.1.15 (KHTML, like Gecko) Version/12.1.2 Safari/605.1.15"
0:0:0:0:0:0:0:1 - - [20/Dec/2019:16:56:20 +0900] "GET /swagger-ui.html HTTP/1.1" 200 1237 "-" "Mozilla/5.0 (Macintosh; Intel Mac OS X 10_14_6) AppleWebKit/605.1.15 (KHTML, like Gecko) Version/12.1.2 Safari/605.1.15"
0:0:0:0:0:0:0:1 - - [20/Dec/2019:16:56:20 +0900] "GET /webjars/springfox-swagger-ui/springfox.css?v=2.9.2 HTTP/1.1" 200 2894 "http://localhost:8080/swagger-ui.html" "Mozilla/5.0 (Macintosh; Intel Mac OS X 10_14_6) AppleWebKit/605.1.15 (KHTML, like Gecko) Version/12.1.2 Safari/605.1.15"
0:0:0:0:0:0:0:1 - - [20/Dec/2019:16:56:20 +0900] "GET /webjars/springfox-swagger-ui/springfox.js?v=2.9.2 HTTP/1.1" 200 96207 "http://localhost:8080/swagger-ui.html" "Mozilla/5.0 (Macintosh; Intel Mac OS X 10_14_6) AppleWebKit/605.1.15 (KHTML, like Gecko) Version/12.1.2 Safari/605.1.15"
0:0:0:0:0:0:0:1 - - [20/Dec/2019:16:56:20 +0900] "GET /webjars/springfox-swagger-ui/swagger-ui.css?v=2.9.2 HTTP/1.1" 200 154488 "http://localhost:8080/swagger-ui.html" "Mozilla/5.0 (Macintosh; Intel Mac OS X 10_14_6) AppleWebKit/605.1.15 (KHTML, like Gecko) Version/12.1.2 Safari/605.1.15"
0:0:0:0:0:0:0:1 - - [20/Dec/2019:16:56:20 +0900] "GET /webjars/springfox-swagger-ui/swagger-ui-standalone-preset.js?v=2.9.2 HTTP/1.1" 200 440850 "http://localhost:8080/swagger-ui.html" "Mozilla/5.0 (Macintosh; Intel Mac OS X 10_14_6) AppleWebKit/605.1.15 (KHTML, like Gecko) Version/12.1.2 Safari/605.1.15"
0:0:0:0:0:0:0:1 - - [20/Dec/2019:16:56:20 +0900] "GET /webjars/springfox-swagger-ui/swagger-ui-bundle.js?v=2.9.2 HTTP/1.1" 200 1448844 "http://localhost:8080/swagger-ui.html" "Mozilla/5.0 (Macintosh; Intel Mac OS X 10_14_6) AppleWebKit/605.1.15 (KHTML, like Gecko) Version/12.1.2 Safari/605.1.15"
0:0:0:0:0:0:0:1 - - [20/Dec/2019:16:56:20 +0900] "GET /webjars/springfox-swagger-ui/favicon-32x32.png?v=2.9.2 HTTP/1.1" 200 1141 "http://localhost:8080/swagger-ui.html" "Mozilla/5.0 (Macintosh; Intel Mac OS X 10_14_6) AppleWebKit/605.1.15 (KHTML, like Gecko) Version/12.1.2 Safari/605.1.15"
0:0:0:0:0:0:0:1 - - [20/Dec/2019:16:56:20 +0900] "GET /webjars/springfox-swagger-ui/favicon-16x16.png?v=2.9.2 HTTP/1.1" 200 445 "http://localhost:8080/swagger-ui.html" "Mozilla/5.0 (Macintosh; Intel Mac OS X 10_14_6) AppleWebKit/605.1.15 (KHTML, like Gecko) Version/12.1.2 Safari/605.1.15"
0:0:0:0:0:0:0:1 - - [20/Dec/2019:16:56:20 +0900] "GET /swagger-resources/configuration/ui HTTP/1.1" 200 280 "http://localhost:8080/swagger-ui.html" "Mozilla/5.0 (Macintosh; Intel Mac OS X 10_14_6) AppleWebKit/605.1.15 (KHTML, like Gecko) Version/12.1.2 Safari/605.1.15"
0:0:0:0:0:0:0:1 - - [20/Dec/2019:16:56:20 +0900] "GET /swagger-resources/configuration/security HTTP/1.1" 200 48 "http://localhost:8080/swagger-ui.html" "Mozilla/5.0 (Macintosh; Intel Mac OS X 10_14_6) AppleWebKit/605.1.15 (KHTML, like Gecko) Version/12.1.2 Safari/605.1.15"
0:0:0:0:0:0:0:1 - - [20/Dec/2019:16:56:20 +0900] "GET /swagger-resources HTTP/1.1" 200 117 "http://localhost:8080/swagger-ui.html" "Mozilla/5.0 (Macintosh; Intel Mac OS X 10_14_6) AppleWebKit/605.1.15 (KHTML, like Gecko) Version/12.1.2 Safari/605.1.15"
0:0:0:0:0:0:0:1 - - [20/Dec/2019:16:56:20 +0900] "GET / HTTP/1.1" 405 208 "http://localhost:8080/swagger-ui.html" "Mozilla/5.0 (Macintosh; Intel Mac OS X 10_14_6) AppleWebKit/605.1.15 (KHTML, like Gecko) Version/12.1.2 Safari/605.1.15"
0:0:0:0:0:0:0:1 - - [20/Dec/2019:16:56:20 +0900] "GET /csrf HTTP/1.1" 404 146 "http://localhost:8080/swagger-ui.html" "Mozilla/5.0 (Macintosh; Intel Mac OS X 10_14_6) AppleWebKit/605.1.15 (KHTML, like Gecko) Version/12.1.2 Safari/605.1.15"
0:0:0:0:0:0:0:1 - - [20/Dec/2019:16:56:20 +0900] "GET /v2/api-docs HTTP/1.1" 200 495 "http://localhost:8080/swagger-ui.html" "Mozilla/5.0 (Macintosh; Intel Mac OS X 10_14_6) AppleWebKit/605.1.15 (KHTML, like Gecko) Version/12.1.2 Safari/605.1.15"
0:0:0:0:0:0:0:1 - - [20/Dec/2019:16:56:20 +0900] "GET /webjars/springfox-swagger-ui/fonts/titillium-web-v6-latin-700.woff2 HTTP/1.1" 200 11640 "http://localhost:8080/swagger-ui.html" "Mozilla/5.0 (Macintosh; Intel Mac OS X 10_14_6) AppleWebKit/605.1.15 (KHTML, like Gecko) Version/12.1.2 Safari/605.1.15"
0:0:0:0:0:0:0:1 - - [20/Dec/2019:16:56:20 +0900] "GET /webjars/springfox-swagger-ui/fonts/open-sans-v15-latin-regular.woff2 HTTP/1.1" 200 14048 "http://localhost:8080/swagger-ui.html" "Mozilla/5.0 (Macintosh; Intel Mac OS X 10_14_6) AppleWebKit/605.1.15 (KHTML, like Gecko) Version/12.1.2 Safari/605.1.15"
0:0:0:0:0:0:0:1 - - [20/Dec/2019:16:56:20 +0900] "GET /webjars/springfox-swagger-ui/fonts/source-code-pro-v7-latin-300.woff2 HTTP/1.1" 200 13292 "http://localhost:8080/swagger-ui.html" "Mozilla/5.0 (Macintosh; Intel Mac OS X 10_14_6) AppleWebKit/605.1.15 (KHTML, like Gecko) Version/12.1.2 Safari/605.1.15"
0:0:0:0:0:0:0:1 - - [20/Dec/2019:16:56:20 +0900] "GET /webjars/springfox-swagger-ui/fonts/open-sans-v15-latin-700.woff2 HTTP/1.1" 200 14720 "http://localhost:8080/swagger-ui.html" "Mozilla/5.0 (Macintosh; Intel Mac OS X 10_14_6) AppleWebKit/605.1.15 (KHTML, like Gecko) Version/12.1.2 Safari/605.1.15"
0:0:0:0:0:0:0:1 - - [20/Dec/2019:16:56:22 +0900] "GET /webjars/springfox-swagger-ui/fonts/source-code-pro-v7-latin-600.woff2 HTTP/1.1" 200 12956 "http://localhost:8080/swagger-ui.html" "Mozilla/5.0 (Macintosh; Intel Mac OS X 10_14_6) AppleWebKit/605.1.15 (KHTML, like Gecko) Version/12.1.2 Safari/605.1.15"
0:0:0:0:0:0:0:1 - - [20/Dec/2019:16:56:23 +0900] "GET /webjars/springfox-swagger-ui/fonts/titillium-web-v6-latin-regular.woff2 HTTP/1.1" 200 12264 "http://localhost:8080/swagger-ui.html" "Mozilla/5.0 (Macintosh; Intel Mac OS X 10_14_6) AppleWebKit/605.1.15 (KHTML, like Gecko) Version/12.1.2 Safari/605.1.15"
0:0:0:0:0:0:0:1 - - [20/Dec/2019:16:56:43 +0900] "POST / HTTP/1.1" 200 68 "http://localhost:8080/swagger-ui.html" "Mozilla/5.0 (Macintosh; Intel Mac OS X 10_14_6) AppleWebKit/605.1.15 (KHTML, like Gecko) Version/12.1.2 Safari/605.1.15"
0:0:0:0:0:0:0:1 - - [20/Dec/2019:16:56:43 +0900] "GET /webjars/springfox-swagger-ui/fonts/titillium-web-v6-latin-600.woff2 HTTP/1.1" 200 12148 "http://localhost:8080/swagger-ui.html" "Mozilla/5.0 (Macintosh; Intel Mac OS X 10_14_6) AppleWebKit/605.1.15 (KHTML, like Gecko) Version/12.1.2 Safari/605.1.15"
0:0:0:0:0:0:0:1 - - [20/Dec/2019:16:59:52 +0900] "GET /swagger-resources/configuration/ui HTTP/1.1" 200 280 "http://localhost:8080/swagger-ui.html" "Mozilla/5.0 (Macintosh; Intel Mac OS X 10_14_6) AppleWebKit/605.1.15 (KHTML, like Gecko) Version/12.1.2 Safari/605.1.15"
0:0:0:0:0:0:0:1 - - [20/Dec/2019:16:59:52 +0900] "GET /swagger-resources/configuration/security HTTP/1.1" 200 48 "http://localhost:8080/swagger-ui.html" "Mozilla/5.0 (Macintosh; Intel Mac OS X 10_14_6) AppleWebKit/605.1.15 (KHTML, like Gecko) Version/12.1.2 Safari/605.1.15"
0:0:0:0:0:0:0:1 - - [20/Dec/2019:16:59:52 +0900] "GET /swagger-resources HTTP/1.1" 200 117 "http://localhost:8080/swagger-ui.html" "Mozilla/5.0 (Macintosh; Intel Mac OS X 10_14_6) AppleWebKit/605.1.15 (KHTML, like Gecko) Version/12.1.2 Safari/605.1.15"
0:0:0:0:0:0:0:1 - - [20/Dec/2019:16:59:52 +0900] "GET / HTTP/1.1" 405 208 "http://localhost:8080/swagger-ui.html" "Mozilla/5.0 (Macintosh; Intel Mac OS X 10_14_6) AppleWebKit/605.1.15 (KHTML, like Gecko) Version/12.1.2 Safari/605.1.15"
0:0:0:0:0:0:0:1 - - [20/Dec/2019:16:59:52 +0900] "GET /csrf HTTP/1.1" 404 146 "http://localhost:8080/swagger-ui.html" "Mozilla/5.0 (Macintosh; Intel Mac OS X 10_14_6) AppleWebKit/605.1.15 (KHTML, like Gecko) Version/12.1.2 Safari/605.1.15"
0:0:0:0:0:0:0:1 - - [20/Dec/2019:16:59:52 +0900] "GET /v2/api-docs HTTP/1.1" 200 495 "http://localhost:8080/swagger-ui.html" "Mozilla/5.0 (Macintosh; Intel Mac OS X 10_14_6) AppleWebKit/605.1.15 (KHTML, like Gecko) Version/12.1.2 Safari/605.1.15"
0:0:0:0:0:0:0:1 - - [20/Dec/2019:17:03:22 +0900] "GET /swagger-ui.html HTTP/1.1" 200 1237 "-" "Mozilla/5.0 (Macintosh; Intel Mac OS X 10_14_6) AppleWebKit/605.1.15 (KHTML, like Gecko) Version/12.1.2 Safari/605.1.15"
0:0:0:0:0:0:0:1 - - [20/Dec/2019:17:03:23 +0900] "GET /swagger-resources/configuration/ui HTTP/1.1" 200 280 "http://localhost:8080/swagger-ui.html" "Mozilla/5.0 (Macintosh; Intel Mac OS X 10_14_6) AppleWebKit/605.1.15 (KHTML, like Gecko) Version/12.1.2 Safari/605.1.15"
0:0:0:0:0:0:0:1 - - [20/Dec/2019:17:03:23 +0900] "GET /swagger-resources/configuration/security HTTP/1.1" 200 48 "http://localhost:8080/swagger-ui.html" "Mozilla/5.0 (Macintosh; Intel Mac OS X 10_14_6) AppleWebKit/605.1.15 (KHTML, like Gecko) Version/12.1.2 Safari/605.1.15"
0:0:0:0:0:0:0:1 - - [20/Dec/2019:17:03:23 +0900] "GET /swagger-resources HTTP/1.1" 200 117 "http://localhost:8080/swagger-ui.html" "Mozilla/5.0 (Macintosh; Intel Mac OS X 10_14_6) AppleWebKit/605.1.15 (KHTML, like Gecko) Version/12.1.2 Safari/605.1.15"
0:0:0:0:0:0:0:1 - - [20/Dec/2019:17:03:23 +0900] "GET / HTTP/1.1" 405 208 "http://localhost:8080/swagger-ui.html" "Mozilla/5.0 (Macintosh; Intel Mac OS X 10_14_6) AppleWebKit/605.1.15 (KHTML, like Gecko) Version/12.1.2 Safari/605.1.15"
0:0:0:0:0:0:0:1 - - [20/Dec/2019:17:03:23 +0900] "GET /csrf HTTP/1.1" 404 146 "http://localhost:8080/swagger-ui.html" "Mozilla/5.0 (Macintosh; Intel Mac OS X 10_14_6) AppleWebKit/605.1.15 (KHTML, like Gecko) Version/12.1.2 Safari/605.1.15"
0:0:0:0:0:0:0:1 - - [20/Dec/2019:17:03:23 +0900] "GET /v2/api-docs HTTP/1.1" 200 495 "http://localhost:8080/swagger-ui.html" "Mozilla/5.0 (Macintosh; Intel Mac OS X 10_14_6) AppleWebKit/605.1.15 (KHTML, like Gecko) Version/12.1.2 Safari/605.1.15"
0:0:0:0:0:0:0:1 - - [20/Dec/2019:17:03:30 +0900] "POST / HTTP/1.1" 200 68 "http://localhost:8080/swagger-ui.html" "Mozilla/5.0 (Macintosh; Intel Mac OS X 10_14_6) AppleWebKit/605.1.15 (KHTML, like Gecko) Version/12.1.2 Safari/605.1.15"
0:0:0:0:0:0:0:1 - - [20/Dec/2019:17:03:35 +0900] "POST / HTTP/1.1" 200 68 "http://localhost:8080/swagger-ui.html" "Mozilla/5.0 (Macintosh; Intel Mac OS X 10_14_6) AppleWebKit/605.1.15 (KHTML, like Gecko) Version/12.1.2 Safari/605.1.15"
0:0:0:0:0:0:0:1 - - [20/Dec/2019:17:05:17 +0900] "GET /swagger-ui.html HTTP/1.1" 200 1237 "-" "Mozilla/5.0 (Macintosh; Intel Mac OS X 10_14_6) AppleWebKit/605.1.15 (KHTML, like Gecko) Version/12.1.2 Safari/605.1.15"
0:0:0:0:0:0:0:1 - - [20/Dec/2019:17:05:17 +0900] "GET /webjars/springfox-swagger-ui/springfox.css?v=2.9.2 HTTP/1.1" 304 - "http://localhost:8080/swagger-ui.html" "Mozilla/5.0 (Macintosh; Intel Mac OS X 10_14_6) AppleWebKit/605.1.15 (KHTML, like Gecko) Version/12.1.2 Safari/605.1.15"
0:0:0:0:0:0:0:1 - - [20/Dec/2019:17:05:17 +0900] "GET /webjars/springfox-swagger-ui/swagger-ui.css?v=2.9.2 HTTP/1.1" 304 - "http://localhost:8080/swagger-ui.html" "Mozilla/5.0 (Macintosh; Intel Mac OS X 10_14_6) AppleWebKit/605.1.15 (KHTML, like Gecko) Version/12.1.2 Safari/605.1.15"
0:0:0:0:0:0:0:1 - - [20/Dec/2019:17:05:17 +0900] "GET /webjars/springfox-swagger-ui/springfox.js?v=2.9.2 HTTP/1.1" 304 - "http://localhost:8080/swagger-ui.html" "Mozilla/5.0 (Macintosh; Intel Mac OS X 10_14_6) AppleWebKit/605.1.15 (KHTML, like Gecko) Version/12.1.2 Safari/605.1.15"
0:0:0:0:0:0:0:1 - - [20/Dec/2019:17:05:17 +0900] "GET /webjars/springfox-swagger-ui/swagger-ui-standalone-preset.js?v=2.9.2 HTTP/1.1" 304 - "http://localhost:8080/swagger-ui.html" "Mozilla/5.0 (Macintosh; Intel Mac OS X 10_14_6) AppleWebKit/605.1.15 (KHTML, like Gecko) Version/12.1.2 Safari/605.1.15"
0:0:0:0:0:0:0:1 - - [20/Dec/2019:17:05:17 +0900] "GET /webjars/springfox-swagger-ui/swagger-ui-bundle.js?v=2.9.2 HTTP/1.1" 304 - "http://localhost:8080/swagger-ui.html" "Mozilla/5.0 (Macintosh; Intel Mac OS X 10_14_6) AppleWebKit/605.1.15 (KHTML, like Gecko) Version/12.1.2 Safari/605.1.15"
0:0:0:0:0:0:0:1 - - [20/Dec/2019:17:05:17 +0900] "GET /swagger-resources/configuration/ui HTTP/1.1" 200 280 "http://localhost:8080/swagger-ui.html" "Mozilla/5.0 (Macintosh; Intel Mac OS X 10_14_6) AppleWebKit/605.1.15 (KHTML, like Gecko) Version/12.1.2 Safari/605.1.15"
0:0:0:0:0:0:0:1 - - [20/Dec/2019:17:05:17 +0900] "GET /webjars/springfox-swagger-ui/favicon-16x16.png?v=2.9.2 HTTP/1.1" 304 - "http://localhost:8080/swagger-ui.html" "Mozilla/5.0 (Macintosh; Intel Mac OS X 10_14_6) AppleWebKit/605.1.15 (KHTML, like Gecko) Version/12.1.2 Safari/605.1.15"
0:0:0:0:0:0:0:1 - - [20/Dec/2019:17:05:17 +0900] "GET /swagger-resources/configuration/security HTTP/1.1" 200 48 "http://localhost:8080/swagger-ui.html" "Mozilla/5.0 (Macintosh; Intel Mac OS X 10_14_6) AppleWebKit/605.1.15 (KHTML, like Gecko) Version/12.1.2 Safari/605.1.15"
0:0:0:0:0:0:0:1 - - [20/Dec/2019:17:05:17 +0900] "GET /swagger-resources HTTP/1.1" 200 117 "http://localhost:8080/swagger-ui.html" "Mozilla/5.0 (Macintosh; Intel Mac OS X 10_14_6) AppleWebKit/605.1.15 (KHTML, like Gecko) Version/12.1.2 Safari/605.1.15"
0:0:0:0:0:0:0:1 - - [20/Dec/2019:17:05:17 +0900] "GET /v2/api-docs HTTP/1.1" 200 495 "http://localhost:8080/swagger-ui.html" "Mozilla/5.0 (Macintosh; Intel Mac OS X 10_14_6) AppleWebKit/605.1.15 (KHTML, like Gecko) Version/12.1.2 Safari/605.1.15"
0:0:0:0:0:0:0:1 - - [20/Dec/2019:17:05:17 +0900] "GET / HTTP/1.1" 405 208 "http://localhost:8080/swagger-ui.html" "Mozilla/5.0 (Macintosh; Intel Mac OS X 10_14_6) AppleWebKit/605.1.15 (KHTML, like Gecko) Version/12.1.2 Safari/605.1.15"
0:0:0:0:0:0:0:1 - - [20/Dec/2019:17:05:17 +0900] "GET /webjars/springfox-swagger-ui/fonts/open-sans-v15-latin-regular.woff2 HTTP/1.1" 304 - "http://localhost:8080/swagger-ui.html" "Mozilla/5.0 (Macintosh; Intel Mac OS X 10_14_6) AppleWebKit/605.1.15 (KHTML, like Gecko) Version/12.1.2 Safari/605.1.15"
0:0:0:0:0:0:0:1 - - [20/Dec/2019:17:05:17 +0900] "GET /webjars/springfox-swagger-ui/fonts/titillium-web-v6-latin-700.woff2 HTTP/1.1" 304 - "http://localhost:8080/swagger-ui.html" "Mozilla/5.0 (Macintosh; Intel Mac OS X 10_14_6) AppleWebKit/605.1.15 (KHTML, like Gecko) Version/12.1.2 Safari/605.1.15"
0:0:0:0:0:0:0:1 - - [20/Dec/2019:17:05:17 +0900] "GET /csrf HTTP/1.1" 404 146 "http://localhost:8080/swagger-ui.html" "Mozilla/5.0 (Macintosh; Intel Mac OS X 10_14_6) AppleWebKit/605.1.15 (KHTML, like Gecko) Version/12.1.2 Safari/605.1.15"
0:0:0:0:0:0:0:1 - - [20/Dec/2019:17:05:17 +0900] "GET /webjars/springfox-swagger-ui/fonts/open-sans-v15-latin-700.woff2 HTTP/1.1" 304 - "http://localhost:8080/swagger-ui.html" "Mozilla/5.0 (Macintosh; Intel Mac OS X 10_14_6) AppleWebKit/605.1.15 (KHTML, like Gecko) Version/12.1.2 Safari/605.1.15"
0:0:0:0:0:0:0:1 - - [20/Dec/2019:17:05:17 +0900] "GET /webjars/springfox-swagger-ui/fonts/source-code-pro-v7-latin-300.woff2 HTTP/1.1" 304 - "http://localhost:8080/swagger-ui.html" "Mozilla/5.0 (Macintosh; Intel Mac OS X 10_14_6) AppleWebKit/605.1.15 (KHTML, like Gecko) Version/12.1.2 Safari/605.1.15"
0:0:0:0:0:0:0:1 - - [20/Dec/2019:17:05:17 +0900] "GET /webjars/springfox-swagger-ui/fonts/source-code-pro-v7-latin-600.woff2 HTTP/1.1" 304 - "http://localhost:8080/swagger-ui.html" "Mozilla/5.0 (Macintosh; Intel Mac OS X 10_14_6) AppleWebKit/605.1.15 (KHTML, like Gecko) Version/12.1.2 Safari/605.1.15"
0:0:0:0:0:0:0:1 - - [20/Dec/2019:17:05:20 +0900] "GET /webjars/springfox-swagger-ui/fonts/titillium-web-v6-latin-regular.woff2 HTTP/1.1" 304 - "http://localhost:8080/swagger-ui.html" "Mozilla/5.0 (Macintosh; Intel Mac OS X 10_14_6) AppleWebKit/605.1.15 (KHTML, like Gecko) Version/12.1.2 Safari/605.1.15"
0:0:0:0:0:0:0:1 - - [20/Dec/2019:17:05:30 +0900] "GET /webjars/springfox-swagger-ui/fonts/titillium-web-v6-latin-600.woff2 HTTP/1.1" 304 - "http://localhost:8080/swagger-ui.html" "Mozilla/5.0 (Macintosh; Intel Mac OS X 10_14_6) AppleWebKit/605.1.15 (KHTML, like Gecko) Version/12.1.2 Safari/605.1.15"
0:0:0:0:0:0:0:1 - - [20/Dec/2019:17:05:43 +0900] "POST / HTTP/1.1" 200 68 "http://localhost:8080/swagger-ui.html" "Mozilla/5.0 (Macintosh; Intel Mac OS X 10_14_6) AppleWebKit/605.1.15 (KHTML, like Gecko) Version/12.1.2 Safari/605.1.15"
0:0:0:0:0:0:0:1 - - [20/Dec/2019:17:05:59 +0900] "POST / HTTP/1.1" 200 68 "http://localhost:8080/swagger-ui.html" "Mozilla/5.0 (Macintosh; Intel Mac OS X 10_14_6) AppleWebKit/605.1.15 (KHTML, like Gecko) Version/12.1.2 Safari/605.1.15"
0:0:0:0:0:0:0:1 - - [20/Dec/2019:17:09:39 +0900] "GET /swagger-ui.html HTTP/1.1" 200 1237 "-" "Mozilla/5.0 (Macintosh; Intel Mac OS X 10_14_6) AppleWebKit/605.1.15 (KHTML, like Gecko) Version/12.1.2 Safari/605.1.15"
0:0:0:0:0:0:0:1 - - [20/Dec/2019:17:09:40 +0900] "GET /swagger-resources/configuration/ui HTTP/1.1" 200 280 "http://localhost:8080/swagger-ui.html" "Mozilla/5.0 (Macintosh; Intel Mac OS X 10_14_6) AppleWebKit/605.1.15 (KHTML, like Gecko) Version/12.1.2 Safari/605.1.15"
0:0:0:0:0:0:0:1 - - [20/Dec/2019:17:09:40 +0900] "GET /swagger-resources/configuration/security HTTP/1.1" 200 48 "http://localhost:8080/swagger-ui.html" "Mozilla/5.0 (Macintosh; Intel Mac OS X 10_14_6) AppleWebKit/605.1.15 (KHTML, like Gecko) Version/12.1.2 Safari/605.1.15"
0:0:0:0:0:0:0:1 - - [20/Dec/2019:17:09:40 +0900] "GET /swagger-resources HTTP/1.1" 200 117 "http://localhost:8080/swagger-ui.html" "Mozilla/5.0 (Macintosh; Intel Mac OS X 10_14_6) AppleWebKit/605.1.15 (KHTML, like Gecko) Version/12.1.2 Safari/605.1.15"
0:0:0:0:0:0:0:1 - - [20/Dec/2019:17:09:40 +0900] "GET / HTTP/1.1" 405 207 "http://localhost:8080/swagger-ui.html" "Mozilla/5.0 (Macintosh; Intel Mac OS X 10_14_6) AppleWebKit/605.1.15 (KHTML, like Gecko) Version/12.1.2 Safari/605.1.15"
0:0:0:0:0:0:0:1 - - [20/Dec/2019:17:09:40 +0900] "GET /csrf HTTP/1.1" 404 144 "http://localhost:8080/swagger-ui.html" "Mozilla/5.0 (Macintosh; Intel Mac OS X 10_14_6) AppleWebKit/605.1.15 (KHTML, like Gecko) Version/12.1.2 Safari/605.1.15"
0:0:0:0:0:0:0:1 - - [20/Dec/2019:17:09:40 +0900] "GET /v2/api-docs HTTP/1.1" 200 517 "http://localhost:8080/swagger-ui.html" "Mozilla/5.0 (Macintosh; Intel Mac OS X 10_14_6) AppleWebKit/605.1.15 (KHTML, like Gecko) Version/12.1.2 Safari/605.1.15"
0:0:0:0:0:0:0:1 - - [20/Dec/2019:17:10:31 +0900] "POST / HTTP/1.1" 200 68 "http://localhost:8080/swagger-ui.html" "Mozilla/5.0 (Macintosh; Intel Mac OS X 10_14_6) AppleWebKit/605.1.15 (KHTML, like Gecko) Version/12.1.2 Safari/605.1.15"
